TN:
SF:/home/cainam/Desktop/Devops/90-90-90-cascade-graph-library/cascade/index-spec.js
FN:445,(anonymous_0)
FN:446,(anonymous_1)
FN:447,(anonymous_2)
FNF:3
FNH:3
FNDA:1,(anonymous_0)
FNDA:1,(anonymous_1)
FNDA:1,(anonymous_2)
DA:1,1
DA:2,1
DA:4,1
DA:190,1
DA:255,1
DA:256,1
DA:445,1
DA:446,1
DA:447,1
DA:448,1
DA:458,1
DA:459,1
DA:460,1
LF:13
LH:13
BRF:0
BRH:0
end_of_record
TN:
SF:/home/cainam/Desktop/Devops/90-90-90-cascade-graph-library/cascade/index.js
FN:18,(anonymous_0)
FN:29,(anonymous_1)
FN:42,(anonymous_2)
FN:45,(anonymous_3)
FN:55,(anonymous_4)
FN:61,(anonymous_5)
FN:70,(anonymous_6)
FN:87,(anonymous_7)
FN:97,(anonymous_8)
FN:109,(anonymous_9)
FN:123,(anonymous_10)
FN:152,(anonymous_11)
FN:169,(anonymous_12)
FN:184,(anonymous_13)
FN:196,(anonymous_14)
FN:224,(anonymous_15)
FN:236,(anonymous_16)
FN:251,(anonymous_17)
FN:254,(anonymous_18)
FN:256,(anonymous_19)
FN:273,(anonymous_20)
FN:274,(anonymous_21)
FN:283,(anonymous_22)
FN:293,(anonymous_23)
FN:310,(anonymous_24)
FN:335,(anonymous_25)
FN:355,(anonymous_26)
FN:367,(anonymous_27)
FN:386,(anonymous_28)
FN:404,(anonymous_29)
FN:409,(anonymous_30)
FN:442,(anonymous_31)
FN:467,(anonymous_32)
FN:472,(anonymous_33)
FN:492,(anonymous_34)
FN:520,(anonymous_35)
FN:527,(anonymous_36)
FNF:37
FNH:30
FNDA:1,(anonymous_0)
FNDA:5,(anonymous_1)
FNDA:5,(anonymous_2)
FNDA:20,(anonymous_3)
FNDA:2,(anonymous_4)
FNDA:4,(anonymous_5)
FNDA:5,(anonymous_6)
FNDA:2,(anonymous_7)
FNDA:0,(anonymous_8)
FNDA:2,(anonymous_9)
FNDA:5,(anonymous_10)
FNDA:1,(anonymous_11)
FNDA:0,(anonymous_12)
FNDA:5,(anonymous_13)
FNDA:5,(anonymous_14)
FNDA:1,(anonymous_15)
FNDA:1,(anonymous_16)
FNDA:1,(anonymous_17)
FNDA:4,(anonymous_18)
FNDA:20,(anonymous_19)
FNDA:0,(anonymous_20)
FNDA:0,(anonymous_21)
FNDA:1,(anonymous_22)
FNDA:1,(anonymous_23)
FNDA:1,(anonymous_24)
FNDA:0,(anonymous_25)
FNDA:0,(anonymous_26)
FNDA:2,(anonymous_27)
FNDA:0,(anonymous_28)
FNDA:1,(anonymous_29)
FNDA:5,(anonymous_30)
FNDA:1,(anonymous_31)
FNDA:1,(anonymous_32)
FNDA:5,(anonymous_33)
FNDA:1,(anonymous_34)
FNDA:1,(anonymous_35)
FNDA:1,(anonymous_36)
DA:2,1
DA:18,1
DA:19,1
DA:29,1
DA:30,5
DA:31,2
DA:33,3
DA:42,1
DA:43,5
DA:45,20
DA:55,1
DA:56,2
DA:57,2
DA:61,4
DA:70,1
DA:71,5
DA:72,1
DA:73,4
DA:74,1
DA:75,3
DA:76,1
DA:77,2
DA:78,2
DA:87,1
DA:88,2
DA:97,1
DA:98,0
DA:109,1
DA:110,2
DA:111,2
DA:123,1
DA:130,5
DA:131,1
DA:136,4
DA:137,1
DA:142,3
DA:143,1
DA:152,1
DA:153,1
DA:154,1
DA:169,1
DA:170,0
DA:171,0
DA:172,0
DA:184,1
DA:185,5
DA:196,1
DA:203,5
DA:204,1
DA:205,4
DA:209,2
DA:210,2
DA:211,1
DA:214,1
DA:215,1
DA:224,1
DA:225,1
DA:236,1
DA:241,1
DA:251,1
DA:252,1
DA:253,1
DA:254,1
DA:255,4
DA:256,4
DA:257,20
DA:258,4
DA:260,16
DA:265,1
DA:273,1
DA:274,0
DA:283,1
DA:288,1
DA:293,1
DA:294,1
DA:310,1
DA:311,1
DA:335,1
DA:336,0
DA:337,0
DA:341,0
DA:345,0
DA:355,1
DA:356,0
DA:367,1
DA:368,2
DA:369,2
DA:371,2
DA:386,1
DA:390,0
DA:391,0
DA:392,0
DA:393,0
DA:404,1
DA:405,1
DA:409,1
DA:410,5
DA:411,2
DA:423,3
DA:442,1
DA:443,1
DA:467,1
DA:468,1
DA:472,1
DA:473,5
DA:492,1
DA:493,1
DA:520,1
DA:521,1
DA:527,1
DA:537,1
LF:111
LH:97
BRDA:30,0,0,2
BRDA:30,0,1,3
BRDA:30,1,0,5
BRDA:30,1,1,4
BRDA:43,2,0,5
BRDA:43,2,1,0
BRDA:43,3,0,5
BRDA:43,3,1,5
BRDA:61,4,0,2
BRDA:61,4,1,0
BRDA:71,5,0,1
BRDA:71,5,1,4
BRDA:73,6,0,1
BRDA:73,6,1,3
BRDA:75,7,0,1
BRDA:75,7,1,2
BRDA:77,8,0,2
BRDA:77,8,1,0
BRDA:77,9,0,2
BRDA:77,9,1,2
BRDA:88,10,0,2
BRDA:88,10,1,0
BRDA:88,11,0,2
BRDA:88,11,1,2
BRDA:110,12,0,2
BRDA:110,12,1,0
BRDA:110,13,0,2
BRDA:110,13,1,2
BRDA:111,14,0,2
BRDA:111,14,1,0
BRDA:130,15,0,1
BRDA:130,15,1,4
BRDA:136,16,0,1
BRDA:136,16,1,3
BRDA:142,17,0,1
BRDA:142,17,1,2
BRDA:154,18,0,1
BRDA:154,18,1,0
BRDA:172,19,0,0
BRDA:172,19,1,0
BRDA:172,20,0,0
BRDA:172,20,1,0
BRDA:203,21,0,1
BRDA:203,21,1,4
BRDA:205,22,0,2
BRDA:205,22,1,2
BRDA:205,23,0,4
BRDA:205,23,1,4
BRDA:210,24,0,1
BRDA:210,24,1,1
BRDA:214,25,0,1
BRDA:214,25,1,0
BRDA:225,26,0,0
BRDA:225,26,1,1
BRDA:241,27,0,0
BRDA:241,27,1,1
BRDA:253,28,0,1
BRDA:253,28,1,0
BRDA:255,29,0,4
BRDA:255,29,1,0
BRDA:257,30,0,4
BRDA:257,30,1,16
BRDA:274,31,0,0
BRDA:274,31,1,0
BRDA:288,32,0,1
BRDA:288,32,1,0
BRDA:341,33,0,0
BRDA:341,33,1,0
BRDA:356,34,0,0
BRDA:356,34,1,0
BRDA:356,35,0,0
BRDA:356,35,1,0
BRDA:371,36,0,2
BRDA:371,36,1,0
BRDA:371,37,0,2
BRDA:371,37,1,2
BRDA:393,38,0,0
BRDA:393,38,1,0
BRDA:393,39,0,0
BRDA:393,39,1,0
BRDA:410,40,0,2
BRDA:410,40,1,3
BRDA:410,41,0,5
BRDA:410,41,1,4
BRF:84
BRH:54
end_of_record
